[1.920s] Invoking command in '/home/reefranger/Desktop/ReefRanger/robot/robot/src/pathctrl': PYTHONPATH=/home/reefranger/Desktop/ReefRanger/robot/robot/src/build/pathctrl/prefix_override:/usr/lib/python3/dist-packages/colcon_core/task/python/colcon_distutils_commands:/home/reefranger/Desktop/ReefRanger/robot/robot/src/install/pathctrl/lib/python3.10/site-packages:${PYTHONPATH} /usr/bin/python3 -W ignore:setup.py install is deprecated setup.py egg_info --egg-base ../build/pathctrl build --build-base /home/reefranger/Desktop/ReefRanger/robot/robot/src/build/pathctrl/build install --record /home/reefranger/Desktop/ReefRanger/robot/robot/src/build/pathctrl/install.log --single-version-externally-managed install_data
[2.196s] /home/reefranger/.local/lib/python3.10/site-packages/setuptools/_distutils/dist.py:261: UserWarning: Unknown distribution option: 'tests_require'
[2.197s]   warnings.warn(msg)
[2.409s] running egg_info
[2.449s] creating ../build/pathctrl/pathctrl.egg-info
[2.449s] writing ../build/pathctrl/pathctrl.egg-info/PKG-INFO
[2.450s] writing dependency_links to ../build/pathctrl/pathctrl.egg-info/dependency_links.txt
[2.450s] writing entry points to ../build/pathctrl/pathctrl.egg-info/entry_points.txt
[2.450s] writing requirements to ../build/pathctrl/pathctrl.egg-info/requires.txt
[2.450s] writing top-level names to ../build/pathctrl/pathctrl.egg-info/top_level.txt
[2.451s] writing manifest file '../build/pathctrl/pathctrl.egg-info/SOURCES.txt'
[2.531s] reading manifest file '../build/pathctrl/pathctrl.egg-info/SOURCES.txt'
[2.531s] adding license file 'LICENSE'
[2.532s] writing manifest file '../build/pathctrl/pathctrl.egg-info/SOURCES.txt'
[2.532s] running build
[2.532s] running build_py
[2.533s] creating /home/reefranger/Desktop/ReefRanger/robot/robot/src/build/pathctrl/build/lib/pathctrl
[2.533s] copying pathctrl/pathctrl_2.py -> /home/reefranger/Desktop/ReefRanger/robot/robot/src/build/pathctrl/build/lib/pathctrl
[2.533s] copying pathctrl/pathctrl.py -> /home/reefranger/Desktop/ReefRanger/robot/robot/src/build/pathctrl/build/lib/pathctrl
[2.533s] copying pathctrl/pathctrl_subscriper.py -> /home/reefranger/Desktop/ReefRanger/robot/robot/src/build/pathctrl/build/lib/pathctrl
[2.534s] copying pathctrl/pathctrl3.py -> /home/reefranger/Desktop/ReefRanger/robot/robot/src/build/pathctrl/build/lib/pathctrl
[2.534s] copying pathctrl/pathctrl_1.py -> /home/reefranger/Desktop/ReefRanger/robot/robot/src/build/pathctrl/build/lib/pathctrl
[2.534s] copying pathctrl/__init__.py -> /home/reefranger/Desktop/ReefRanger/robot/robot/src/build/pathctrl/build/lib/pathctrl
[2.534s] running install
[2.541s] running install_lib
[2.576s] creating /home/reefranger/Desktop/ReefRanger/robot/robot/src/install/pathctrl/lib/python3.10/site-packages/pathctrl
[2.577s] copying /home/reefranger/Desktop/ReefRanger/robot/robot/src/build/pathctrl/build/lib/pathctrl/pathctrl_2.py -> /home/reefranger/Desktop/ReefRanger/robot/robot/src/install/pathctrl/lib/python3.10/site-packages/pathctrl
[2.577s] copying /home/reefranger/Desktop/ReefRanger/robot/robot/src/build/pathctrl/build/lib/pathctrl/pathctrl.py -> /home/reefranger/Desktop/ReefRanger/robot/robot/src/install/pathctrl/lib/python3.10/site-packages/pathctrl
[2.577s] copying /home/reefranger/Desktop/ReefRanger/robot/robot/src/build/pathctrl/build/lib/pathctrl/pathctrl_subscriper.py -> /home/reefranger/Desktop/ReefRanger/robot/robot/src/install/pathctrl/lib/python3.10/site-packages/pathctrl
[2.577s] copying /home/reefranger/Desktop/ReefRanger/robot/robot/src/build/pathctrl/build/lib/pathctrl/pathctrl3.py -> /home/reefranger/Desktop/ReefRanger/robot/robot/src/install/pathctrl/lib/python3.10/site-packages/pathctrl
[2.577s] copying /home/reefranger/Desktop/ReefRanger/robot/robot/src/build/pathctrl/build/lib/pathctrl/pathctrl_1.py -> /home/reefranger/Desktop/ReefRanger/robot/robot/src/install/pathctrl/lib/python3.10/site-packages/pathctrl
[2.578s] copying /home/reefranger/Desktop/ReefRanger/robot/robot/src/build/pathctrl/build/lib/pathctrl/__init__.py -> /home/reefranger/Desktop/ReefRanger/robot/robot/src/install/pathctrl/lib/python3.10/site-packages/pathctrl
[2.579s] byte-compiling /home/reefranger/Desktop/ReefRanger/robot/robot/src/install/pathctrl/lib/python3.10/site-packages/pathctrl/pathctrl_2.py to pathctrl_2.cpython-310.pyc
[2.581s] byte-compiling /home/reefranger/Desktop/ReefRanger/robot/robot/src/install/pathctrl/lib/python3.10/site-packages/pathctrl/pathctrl.py to pathctrl.cpython-310.pyc
[2.581s] byte-compiling /home/reefranger/Desktop/ReefRanger/robot/robot/src/install/pathctrl/lib/python3.10/site-packages/pathctrl/pathctrl_subscriper.py to pathctrl_subscriper.cpython-310.pyc
[2.583s] byte-compiling /home/reefranger/Desktop/ReefRanger/robot/robot/src/install/pathctrl/lib/python3.10/site-packages/pathctrl/pathctrl3.py to pathctrl3.cpython-310.pyc
[2.584s] byte-compiling /home/reefranger/Desktop/ReefRanger/robot/robot/src/install/pathctrl/lib/python3.10/site-packages/pathctrl/pathctrl_1.py to pathctrl_1.cpython-310.pyc
[2.585s] byte-compiling /home/reefranger/Desktop/ReefRanger/robot/robot/src/install/pathctrl/lib/python3.10/site-packages/pathctrl/__init__.py to __init__.cpython-310.pyc
[2.586s] running install_data
[2.586s] creating /home/reefranger/Desktop/ReefRanger/robot/robot/src/install/pathctrl/share/ament_index/resource_index/packages
[2.586s] copying resource/pathctrl -> /home/reefranger/Desktop/ReefRanger/robot/robot/src/install/pathctrl/share/ament_index/resource_index/packages
[2.587s] copying package.xml -> /home/reefranger/Desktop/ReefRanger/robot/robot/src/install/pathctrl/share/pathctrl
[2.587s] running install_egg_info
[2.630s] Copying ../build/pathctrl/pathctrl.egg-info to /home/reefranger/Desktop/ReefRanger/robot/robot/src/install/pathctrl/lib/python3.10/site-packages/pathctrl-0.0.0-py3.10.egg-info
[2.632s] running install_scripts
[2.945s] Installing pathctrl script to /home/reefranger/Desktop/ReefRanger/robot/robot/src/install/pathctrl/lib/pathctrl
[2.945s] writing list of installed files to '/home/reefranger/Desktop/ReefRanger/robot/robot/src/build/pathctrl/install.log'
[3.005s] Invoked command in '/home/reefranger/Desktop/ReefRanger/robot/robot/src/pathctrl' returned '0': PYTHONPATH=/home/reefranger/Desktop/ReefRanger/robot/robot/src/build/pathctrl/prefix_override:/usr/lib/python3/dist-packages/colcon_core/task/python/colcon_distutils_commands:/home/reefranger/Desktop/ReefRanger/robot/robot/src/install/pathctrl/lib/python3.10/site-packages:${PYTHONPATH} /usr/bin/python3 -W ignore:setup.py install is deprecated setup.py egg_info --egg-base ../build/pathctrl build --build-base /home/reefranger/Desktop/ReefRanger/robot/robot/src/build/pathctrl/build install --record /home/reefranger/Desktop/ReefRanger/robot/robot/src/build/pathctrl/install.log --single-version-externally-managed install_data
