/home/reefranger/Desktop/ReefRanger/robot/robot/src/install/pathctrl/lib/python3.10/site-packages/pathctrl/pathctrl_2.py
/home/reefranger/Desktop/ReefRanger/robot/robot/src/install/pathctrl/lib/python3.10/site-packages/pathctrl/pathctrl.py
/home/reefranger/Desktop/ReefRanger/robot/robot/src/install/pathctrl/lib/python3.10/site-packages/pathctrl/pathctrl_subscriper.py
/home/reefranger/Desktop/ReefRanger/robot/robot/src/install/pathctrl/lib/python3.10/site-packages/pathctrl/pathctrl3.py
/home/reefranger/Desktop/ReefRanger/robot/robot/src/install/pathctrl/lib/python3.10/site-packages/pathctrl/pathctrl_1.py
/home/reefranger/Desktop/ReefRanger/robot/robot/src/install/pathctrl/lib/python3.10/site-packages/pathctrl/__init__.py
/home/reefranger/Desktop/ReefRanger/robot/robot/src/install/pathctrl/lib/python3.10/site-packages/pathctrl/__pycache__/pathctrl_2.cpython-310.pyc
/home/reefranger/Desktop/ReefRanger/robot/robot/src/install/pathctrl/lib/python3.10/site-packages/pathctrl/__pycache__/pathctrl.cpython-310.pyc
/home/reefranger/Desktop/ReefRanger/robot/robot/src/install/pathctrl/lib/python3.10/site-packages/pathctrl/__pycache__/pathctrl_subscriper.cpython-310.pyc
/home/reefranger/Desktop/ReefRanger/robot/robot/src/install/pathctrl/lib/python3.10/site-packages/pathctrl/__pycache__/pathctrl3.cpython-310.pyc
/home/reefranger/Desktop/ReefRanger/robot/robot/src/install/pathctrl/lib/python3.10/site-packages/pathctrl/__pycache__/pathctrl_1.cpython-310.pyc
/home/reefranger/Desktop/ReefRanger/robot/robot/src/install/pathctrl/lib/python3.10/site-packages/pathctrl/__pycache__/__init__.cpython-310.pyc
/home/reefranger/Desktop/ReefRanger/robot/robot/src/install/pathctrl/share/ament_index/resource_index/packages/pathctrl
/home/reefranger/Desktop/ReefRanger/robot/robot/src/install/pathctrl/share/pathctrl/package.xml
/home/reefranger/Desktop/ReefRanger/robot/robot/src/install/pathctrl/lib/python3.10/site-packages/pathctrl-0.0.0-py3.10.egg-info/PKG-INFO
/home/reefranger/Desktop/ReefRanger/robot/robot/src/install/pathctrl/lib/python3.10/site-packages/pathctrl-0.0.0-py3.10.egg-info/zip-safe
/home/reefranger/Desktop/ReefRanger/robot/robot/src/install/pathctrl/lib/python3.10/site-packages/pathctrl-0.0.0-py3.10.egg-info/requires.txt
/home/reefranger/Desktop/ReefRanger/robot/robot/src/install/pathctrl/lib/python3.10/site-packages/pathctrl-0.0.0-py3.10.egg-info/entry_points.txt
/home/reefranger/Desktop/ReefRanger/robot/robot/src/install/pathctrl/lib/python3.10/site-packages/pathctrl-0.0.0-py3.10.egg-info/SOURCES.txt
/home/reefranger/Desktop/ReefRanger/robot/robot/src/install/pathctrl/lib/python3.10/site-packages/pathctrl-0.0.0-py3.10.egg-info/dependency_links.txt
/home/reefranger/Desktop/ReefRanger/robot/robot/src/install/pathctrl/lib/python3.10/site-packages/pathctrl-0.0.0-py3.10.egg-info/top_level.txt
/home/reefranger/Desktop/ReefRanger/robot/robot/src/install/pathctrl/lib/pathctrl/pathctrl
