running egg_info
writing ../build/pathctrl/pathctrl.egg-info/PKG-INFO
writing dependency_links to ../build/pathctrl/pathctrl.egg-info/dependency_links.txt
writing entry points to ../build/pathctrl/pathctrl.egg-info/entry_points.txt
writing requirements to ../build/pathctrl/pathctrl.egg-info/requires.txt
writing top-level names to ../build/pathctrl/pathctrl.egg-info/top_level.txt
reading manifest file '../build/pathctrl/pathctrl.egg-info/SOURCES.txt'
adding license file 'LICENSE'
writing manifest file '../build/pathctrl/pathctrl.egg-info/SOURCES.txt'
running build
running build_py
copying pathctrl/pathctrl_2.py -> /home/reefranger/Desktop/ReefRanger/robot/robot/src/build/pathctrl/build/lib/pathctrl
copying pathctrl/pathctrl.py -> /home/reefranger/Desktop/ReefRanger/robot/robot/src/build/pathctrl/build/lib/pathctrl
copying pathctrl/pathctrl_subscriper.py -> /home/reefranger/Desktop/ReefRanger/robot/robot/src/build/pathctrl/build/lib/pathctrl
copying pathctrl/pathctrl3.py -> /home/reefranger/Desktop/ReefRanger/robot/robot/src/build/pathctrl/build/lib/pathctrl
copying pathctrl/pathctrl_1.py -> /home/reefranger/Desktop/ReefRanger/robot/robot/src/build/pathctrl/build/lib/pathctrl
copying pathctrl/__init__.py -> /home/reefranger/Desktop/ReefRanger/robot/robot/src/build/pathctrl/build/lib/pathctrl
running install
running install_lib
copying /home/reefranger/Desktop/ReefRanger/robot/robot/src/build/pathctrl/build/lib/pathctrl/pathctrl.py -> /home/reefranger/Desktop/ReefRanger/robot/robot/src/install/pathctrl/lib/python3.10/site-packages/pathctrl
byte-compiling /home/reefranger/Desktop/ReefRanger/robot/robot/src/install/pathctrl/lib/python3.10/site-packages/pathctrl/pathctrl.py to pathctrl.cpython-310.pyc
running install_data
copying resource/pathctrl -> /home/reefranger/Desktop/ReefRanger/robot/robot/src/install/pathctrl/share/ament_index/resource_index/packages
copying package.xml -> /home/reefranger/Desktop/ReefRanger/robot/robot/src/install/pathctrl/share/pathctrl
running install_egg_info
removing '/home/reefranger/Desktop/ReefRanger/robot/robot/src/install/pathctrl/lib/python3.10/site-packages/pathctrl-0.0.0-py3.10.egg-info' (and everything under it)
Copying ../build/pathctrl/pathctrl.egg-info to /home/reefranger/Desktop/ReefRanger/robot/robot/src/install/pathctrl/lib/python3.10/site-packages/pathctrl-0.0.0-py3.10.egg-info
running install_scripts
Installing pathctrl script to /home/reefranger/Desktop/ReefRanger/robot/robot/src/install/pathctrl/lib/pathctrl
writing list of installed files to '/home/reefranger/Desktop/ReefRanger/robot/robot/src/build/pathctrl/install.log'
